1596569608684	geckodriver	INFO	Listening on 127.0.0.1:56153
1596569608692	mozrunner::runner	INFO	Running command: "/Applications/Firefox.app/Contents/MacOS/firefox-bin" "--marionette" "-foreground" "-no-remote" "-profile" "/var/folders/_l/fd1_wwjn31v5y7yl5db0y3qr0000gp/T/rust_mozprofilex7oWWU"
console.error: SearchCache: "_readCacheFile: Error reading cache file:" (new Error("", "(unknown module)"))
1596569610859	Marionette	INFO	Listening on port 56162
1596569610890	Marionette	WARN	TLS certificate errors will be ignored for this session
1596569712156	geckodriver	INFO	Listening on 127.0.0.1:56265
1596569712163	mozrunner::runner	INFO	Running command: "/Applications/Firefox.app/Contents/MacOS/firefox-bin" "--marionette" "-foreground" "-no-remote" "-profile" "/var/folders/_l/fd1_wwjn31v5y7yl5db0y3qr0000gp/T/rust_mozprofileps2xlh"
console.error: SearchCache: "_readCacheFile: Error reading cache file:" (new Error("", "(unknown module)"))
1596569714258	Marionette	INFO	Listening on port 56274
1596569714311	Marionette	WARN	TLS certificate errors will be ignored for this session
1596569739691	Marionette	INFO	Stopped listening on port 56162
1596569744733	Marionette	INFO	Stopped listening on port 56274
1596570003243	geckodriver	INFO	Listening on 127.0.0.1:56375
1596570004260	mozrunner::runner	INFO	Running command: "/Applications/Firefox.app/Contents/MacOS/firefox-bin" "--marionette" "-foreground" "-no-remote" "-profile" "/var/folders/_l/fd1_wwjn31v5y7yl5db0y3qr0000gp/T/rust_mozprofileDRvwJD"
console.error: SearchCache: "_readCacheFile: Error reading cache file:" (new Error("", "(unknown module)"))
1596570006343	Marionette	INFO	Listening on port 56386
1596570006408	Marionette	WARN	TLS certificate errors will be ignored for this session
1596570422680	geckodriver	INFO	Listening on 127.0.0.1:56512
1596570423691	mozrunner::runner	INFO	Running command: "/Applications/Firefox.app/Contents/MacOS/firefox-bin" "--marionette" "-foreground" "-no-remote" "-profile" "/var/folders/_l/fd1_wwjn31v5y7yl5db0y3qr0000gp/T/rust_mozprofilewcCjt3"
console.error: SearchCache: "_readCacheFile: Error reading cache file:" (new Error("", "(unknown module)"))
1596570425749	Marionette	INFO	Listening on port 56523
1596570425833	Marionette	WARN	TLS certificate errors will be ignored for this session
1596570828596	geckodriver	INFO	Listening on 127.0.0.1:56626
1596570829608	mozrunner::runner	INFO	Running command: "/Applications/Firefox.app/Contents/MacOS/firefox-bin" "--marionette" "-foreground" "-no-remote" "-profile" "/var/folders/_l/fd1_wwjn31v5y7yl5db0y3qr0000gp/T/rust_mozprofileYbIakY"
console.error: SearchCache: "_readCacheFile: Error reading cache file:" (new Error("", "(unknown module)"))
1596570831698	Marionette	INFO	Listening on port 56637
1596570831758	Marionette	WARN	TLS certificate errors will be ignored for this session
1596570872135	Marionette	INFO	Stopped listening on port 56637
1596570925416	geckodriver	INFO	Listening on 127.0.0.1:56696
1596570925525	mozrunner::runner	INFO	Running command: "/Applications/Firefox.app/Contents/MacOS/firefox-bin" "--marionette" "-foreground" "-no-remote" "-profile" "/var/folders/_l/fd1_wwjn31v5y7yl5db0y3qr0000gp/T/rust_mozprofile0ISMmu"
console.error: SearchCache: "_readCacheFile: Error reading cache file:" (new Error("", "(unknown module)"))
1596570927612	Marionette	INFO	Listening on port 56705
1596570927691	Marionette	WARN	TLS certificate errors will be ignored for this session
1596571278046	geckodriver	INFO	Listening on 127.0.0.1:56786
1596571278054	mozrunner::runner	INFO	Running command: "/Applications/Firefox.app/Contents/MacOS/firefox-bin" "--marionette" "-foreground" "-no-remote" "-profile" "/var/folders/_l/fd1_wwjn31v5y7yl5db0y3qr0000gp/T/rust_mozprofileqEsZwh"
console.error: SearchCache: "_readCacheFile: Error reading cache file:" (new Error("", "(unknown module)"))
1596571280315	Marionette	INFO	Listening on port 56795
1596571280434	Marionette	WARN	TLS certificate errors will be ignored for this session
1596571280585	Marionette	INFO	Stopped listening on port 56795
console.warn: services.settings: main/whats-new-panel sync interrupted by shutdown
1596571360079	Marionette	INFO	Stopped listening on port 56386
1596571362248	Marionette	INFO	Stopped listening on port 56523
1596571364139	Marionette	INFO	Stopped listening on port 56705
1596571368158	geckodriver	INFO	Listening on 127.0.0.1:56851
1596571369172	mozrunner::runner	INFO	Running command: "/Applications/Firefox.app/Contents/MacOS/firefox-bin" "--marionette" "-foreground" "-no-remote" "-profile" "/var/folders/_l/fd1_wwjn31v5y7yl5db0y3qr0000gp/T/rust_mozprofileH0Vi2G"
console.error: SearchCache: "_readCacheFile: Error reading cache file:" (new Error("", "(unknown module)"))
1596571371224	Marionette	INFO	Listening on port 56862
1596571371304	Marionette	WARN	TLS certificate errors will be ignored for this session
1596571371451	Marionette	INFO	Stopped listening on port 56862
1596572835516	geckodriver	INFO	Listening on 127.0.0.1:56948
1596572835522	mozrunner::runner	INFO	Running command: "/Applications/Firefox.app/Contents/MacOS/firefox-bin" "--marionette" "-foreground" "-no-remote" "-profile" "/var/folders/_l/fd1_wwjn31v5y7yl5db0y3qr0000gp/T/rust_mozprofileGR3ewF"
console.error: SearchCache: "_readCacheFile: Error reading cache file:" (new Error("", "(unknown module)"))
1596572837594	Marionette	INFO	Listening on port 56957
1596572837662	Marionette	WARN	TLS certificate errors will be ignored for this session
1596572837790	Marionette	INFO	Stopped listening on port 56957
console.warn: services.settings: main/whats-new-panel sync interrupted by shutdown
1596630298678	geckodriver	INFO	Listening on 127.0.0.1:61871
1596630298697	mozrunner::runner	INFO	Running command: "/Applications/Firefox.app/Contents/MacOS/firefox-bin" "--marionette" "-foreground" "-no-remote" "-profile" "/var/folders/_l/fd1_wwjn31v5y7yl5db0y3qr0000gp/T/rust_mozprofileqCSI34"
console.error: SearchCache: "_readCacheFile: Error reading cache file:" (new Error("", "(unknown module)"))
1596630301426	Marionette	INFO	Listening on port 61880
1596630301504	Marionette	WARN	TLS certificate errors will be ignored for this session
1596630301644	Marionette	INFO	Stopped listening on port 61880
1596630676975	geckodriver	INFO	Listening on 127.0.0.1:61977
1596630676982	mozrunner::runner	INFO	Running command: "/Applications/Firefox.app/Contents/MacOS/firefox-bin" "--marionette" "-foreground" "-no-remote" "-profile" "/var/folders/_l/fd1_wwjn31v5y7yl5db0y3qr0000gp/T/rust_mozprofileFpDfIe"
console.error: SearchCache: "_readCacheFile: Error reading cache file:" (new Error("", "(unknown module)"))
1596630678810	Marionette	INFO	Listening on port 61986
1596630678817	Marionette	WARN	TLS certificate errors will be ignored for this session
1596630678927	Marionette	INFO	Stopped listening on port 61986
1596630726779	geckodriver	INFO	Listening on 127.0.0.1:62033
1596630727791	mozrunner::runner	INFO	Running command: "/Applications/Firefox.app/Contents/MacOS/firefox-bin" "--marionette" "-foreground" "-no-remote" "-profile" "/var/folders/_l/fd1_wwjn31v5y7yl5db0y3qr0000gp/T/rust_mozprofilemNJKzO"
console.error: SearchCache: "_readCacheFile: Error reading cache file:" (new Error("", "(unknown module)"))
1596630729906	Marionette	INFO	Listening on port 62044
1596630729943	Marionette	WARN	TLS certificate errors will be ignored for this session
1596630730064	Marionette	INFO	Stopped listening on port 62044
1596630798861	geckodriver	INFO	Listening on 127.0.0.1:62089
1596630799874	mozrunner::runner	INFO	Running command: "/Applications/Firefox.app/Contents/MacOS/firefox-bin" "--marionette" "-foreground" "-no-remote" "-profile" "/var/folders/_l/fd1_wwjn31v5y7yl5db0y3qr0000gp/T/rust_mozprofileVLoX1Y"
console.error: SearchCache: "_readCacheFile: Error reading cache file:" (new Error("", "(unknown module)"))
1596630801868	Marionette	INFO	Listening on port 62100
1596630801916	Marionette	WARN	TLS certificate errors will be ignored for this session
1596630802036	Marionette	INFO	Stopped listening on port 62100
console.error: services.settings: 
  main/cfr-fxa Signature failed  TypeError: NetworkError when attempting to fetch resource.
1596630825965	geckodriver	INFO	Listening on 127.0.0.1:62145
1596630825971	mozrunner::runner	INFO	Running command: "/Applications/Firefox.app/Contents/MacOS/firefox-bin" "--marionette" "-foreground" "-no-remote" "-profile" "/var/folders/_l/fd1_wwjn31v5y7yl5db0y3qr0000gp/T/rust_mozprofileJn0yfC"
console.error: SearchCache: "_readCacheFile: Error reading cache file:" (new Error("", "(unknown module)"))
1596630828107	Marionette	INFO	Listening on port 62154
1596630828114	Marionette	WARN	TLS certificate errors will be ignored for this session
1596630828235	Marionette	INFO	Stopped listening on port 62154
console.error: services.settings: 
  main/cfr Signature failed  TypeError: NetworkError when attempting to fetch resource.
1596631666457	geckodriver	INFO	Listening on 127.0.0.1:62323
1596631667474	mozrunner::runner	INFO	Running command: "/Applications/Firefox.app/Contents/MacOS/firefox-bin" "--marionette" "-foreground" "-no-remote" "-profile" "/var/folders/_l/fd1_wwjn31v5y7yl5db0y3qr0000gp/T/rust_mozprofileltgi9T"
console.error: SearchCache: "_readCacheFile: Error reading cache file:" (new Error("", "(unknown module)"))
1596631669737	Marionette	INFO	Listening on port 62334
1596631669825	Marionette	WARN	TLS certificate errors will be ignored for this session
JavaScript error: resource://gre/actors/AutoCompleteChild.jsm, line 208: Error: Invalid autocomplete selectedIndex
1596631671081	Marionette	INFO	Stopped listening on port 62334
1596634799092	geckodriver	INFO	Listening on 127.0.0.1:62851
1596634800104	mozrunner::runner	INFO	Running command: "/Applications/Firefox.app/Contents/MacOS/firefox-bin" "--marionette" "-foreground" "-no-remote" "-profile" "/var/folders/_l/fd1_wwjn31v5y7yl5db0y3qr0000gp/T/rust_mozprofileQZY4jO"
console.error: SearchCache: "_readCacheFile: Error reading cache file:" (new Error("", "(unknown module)"))
1596634802282	Marionette	INFO	Listening on port 62862
1596634802356	Marionette	WARN	TLS certificate errors will be ignored for this session
JavaScript error: resource://gre/actors/AutoCompleteChild.jsm, line 208: Error: Invalid autocomplete selectedIndex
1596634803596	Marionette	INFO	Stopped listening on port 62862
1596634831279	geckodriver	INFO	Listening on 127.0.0.1:62913
1596634831287	mozrunner::runner	INFO	Running command: "/Applications/Firefox.app/Contents/MacOS/firefox-bin" "--marionette" "-foreground" "-no-remote" "-profile" "/var/folders/_l/fd1_wwjn31v5y7yl5db0y3qr0000gp/T/rust_mozprofileft7I19"
console.error: SearchCache: "_readCacheFile: Error reading cache file:" (new Error("", "(unknown module)"))
1596634833322	Marionette	INFO	Listening on port 62922
1596634833421	Marionette	WARN	TLS certificate errors will be ignored for this session
JavaScript error: resource://gre/actors/AutoCompleteChild.jsm, line 208: Error: Invalid autocomplete selectedIndex
1596634843664	Marionette	INFO	Stopped listening on port 62922
1596634872342	geckodriver	INFO	Listening on 127.0.0.1:62969
1596634873353	mozrunner::runner	INFO	Running command: "/Applications/Firefox.app/Contents/MacOS/firefox-bin" "--marionette" "-foreground" "-no-remote" "-profile" "/var/folders/_l/fd1_wwjn31v5y7yl5db0y3qr0000gp/T/rust_mozprofilefKxzBY"
console.error: SearchCache: "_readCacheFile: Error reading cache file:" (new Error("", "(unknown module)"))
1596634875376	Marionette	INFO	Listening on port 62980
1596634875398	Marionette	WARN	TLS certificate errors will be ignored for this session
JavaScript error: resource://gre/actors/AutoCompleteChild.jsm, line 208: Error: Invalid autocomplete selectedIndex
1596634885684	Marionette	INFO	Stopped listening on port 62980
1596635361446	geckodriver	INFO	Listening on 127.0.0.1:63048
1596635362463	mozrunner::runner	INFO	Running command: "/Applications/Firefox.app/Contents/MacOS/firefox-bin" "--marionette" "-foreground" "-no-remote" "-profile" "/var/folders/_l/fd1_wwjn31v5y7yl5db0y3qr0000gp/T/rust_mozprofilecRWOsk"
console.error: SearchCache: "_readCacheFile: Error reading cache file:" (new Error("", "(unknown module)"))
1596635364562	Marionette	INFO	Listening on port 63059
1596635364623	Marionette	WARN	TLS certificate errors will be ignored for this session
JavaScript error: resource://gre/actors/AutoCompleteChild.jsm, line 208: Error: Invalid autocomplete selectedIndex
1596635365916	Marionette	INFO	Stopped listening on port 63059
1596635416771	geckodriver	INFO	Listening on 127.0.0.1:63106
1596635417786	mozrunner::runner	INFO	Running command: "/Applications/Firefox.app/Contents/MacOS/firefox-bin" "--marionette" "-foreground" "-no-remote" "-profile" "/var/folders/_l/fd1_wwjn31v5y7yl5db0y3qr0000gp/T/rust_mozprofilel60gtn"
console.error: SearchCache: "_readCacheFile: Error reading cache file:" (new Error("", "(unknown module)"))
1596635419910	Marionette	INFO	Listening on port 63117
1596635419934	Marionette	WARN	TLS certificate errors will be ignored for this session
JavaScript error: resource://gre/actors/AutoCompleteChild.jsm, line 208: Error: Invalid autocomplete selectedIndex
1596635421256	Marionette	INFO	Stopped listening on port 63117
1596635523642	geckodriver	INFO	Listening on 127.0.0.1:63167
1596635524651	mozrunner::runner	INFO	Running command: "/Applications/Firefox.app/Contents/MacOS/firefox-bin" "--marionette" "-foreground" "-no-remote" "-profile" "/var/folders/_l/fd1_wwjn31v5y7yl5db0y3qr0000gp/T/rust_mozprofile5ooSO5"
console.error: SearchCache: "_readCacheFile: Error reading cache file:" (new Error("", "(unknown module)"))
1596635526873	Marionette	INFO	Listening on port 63178
1596635526894	Marionette	WARN	TLS certificate errors will be ignored for this session
JavaScript error: resource://gre/actors/AutoCompleteChild.jsm, line 208: Error: Invalid autocomplete selectedIndex
1596635528157	Marionette	INFO	Stopped listening on port 63178
1596635779743	geckodriver	INFO	Listening on 127.0.0.1:63229
1596635780754	mozrunner::runner	INFO	Running command: "/Applications/Firefox.app/Contents/MacOS/firefox-bin" "--marionette" "-foreground" "-no-remote" "-profile" "/var/folders/_l/fd1_wwjn31v5y7yl5db0y3qr0000gp/T/rust_mozprofileC4h9mA"
console.error: SearchCache: "_readCacheFile: Error reading cache file:" (new Error("", "(unknown module)"))
1596635782792	Marionette	INFO	Listening on port 63240
1596635782801	Marionette	WARN	TLS certificate errors will be ignored for this session
JavaScript error: resource://gre/actors/AutoCompleteChild.jsm, line 208: Error: Invalid autocomplete selectedIndex
1596635785142	Marionette	INFO	Stopped listening on port 63240
1596635913041	geckodriver	INFO	Listening on 127.0.0.1:63307
1596635913048	mozrunner::runner	INFO	Running command: "/Applications/Firefox.app/Contents/MacOS/firefox-bin" "--marionette" "-foreground" "-no-remote" "-profile" "/var/folders/_l/fd1_wwjn31v5y7yl5db0y3qr0000gp/T/rust_mozprofileLX8I99"
console.error: SearchCache: "_readCacheFile: Error reading cache file:" (new Error("", "(unknown module)"))
1596635915231	Marionette	INFO	Listening on port 63316
1596635915310	Marionette	WARN	TLS certificate errors will be ignored for this session
JavaScript error: resource://gre/actors/AutoCompleteChild.jsm, line 208: Error: Invalid autocomplete selectedIndex
1596635917688	Marionette	INFO	Stopped listening on port 63316
1596638087070	geckodriver	INFO	Listening on 127.0.0.1:63470
1596638088083	mozrunner::runner	INFO	Running command: "/Applications/Firefox.app/Contents/MacOS/firefox-bin" "--marionette" "-foreground" "-no-remote" "-profile" "/var/folders/_l/fd1_wwjn31v5y7yl5db0y3qr0000gp/T/rust_mozprofileCf5g4w"
console.error: SearchCache: "_readCacheFile: Error reading cache file:" (new Error("", "(unknown module)"))
1596638090180	Marionette	INFO	Listening on port 63481
1596638090229	Marionette	WARN	TLS certificate errors will be ignored for this session
1596638090529	Marionette	INFO	Stopped listening on port 63481
console.warn: services.settings: main/whats-new-panel sync interrupted by shutdown
1596638203809	geckodriver	INFO	Listening on 127.0.0.1:63545
1596638203816	mozrunner::runner	INFO	Running command: "/Applications/Firefox.app/Contents/MacOS/firefox-bin" "--marionette" "-foreground" "-no-remote" "-profile" "/var/folders/_l/fd1_wwjn31v5y7yl5db0y3qr0000gp/T/rust_mozprofileg1Q49u"
console.error: SearchCache: "_readCacheFile: Error reading cache file:" (new Error("", "(unknown module)"))
1596638205794	Marionette	INFO	Listening on port 63554
1596638205853	Marionette	WARN	TLS certificate errors will be ignored for this session
JavaScript error: resource://gre/actors/AutoCompleteChild.jsm, line 208: Error: Invalid autocomplete selectedIndex
1596638208238	Marionette	INFO	Stopped listening on port 63554
1596638239134	geckodriver	INFO	Listening on 127.0.0.1:63599
1596638239141	mozrunner::runner	INFO	Running command: "/Applications/Firefox.app/Contents/MacOS/firefox-bin" "--marionette" "-foreground" "-no-remote" "-profile" "/var/folders/_l/fd1_wwjn31v5y7yl5db0y3qr0000gp/T/rust_mozprofilesEldvw"
console.error: SearchCache: "_readCacheFile: Error reading cache file:" (new Error("", "(unknown module)"))
1596638241232	Marionette	INFO	Listening on port 63608
1596638241300	Marionette	WARN	TLS certificate errors will be ignored for this session
JavaScript error: resource://gre/actors/AutoCompleteChild.jsm, line 208: Error: Invalid autocomplete selectedIndex
1596638243690	Marionette	INFO	Stopped listening on port 63608
1596638305353	geckodriver	INFO	Listening on 127.0.0.1:63657
1596638305360	mozrunner::runner	INFO	Running command: "/Applications/Firefox.app/Contents/MacOS/firefox-bin" "--marionette" "-foreground" "-no-remote" "-profile" "/var/folders/_l/fd1_wwjn31v5y7yl5db0y3qr0000gp/T/rust_mozprofiletKDJ0Q"
console.error: SearchCache: "_readCacheFile: Error reading cache file:" (new Error("", "(unknown module)"))
1596638307386	Marionette	INFO	Listening on port 63666
1596638307412	Marionette	WARN	TLS certificate errors will be ignored for this session
JavaScript error: resource://gre/actors/AutoCompleteChild.jsm, line 208: Error: Invalid autocomplete selectedIndex
1596638309777	Marionette	INFO	Stopped listening on port 63666
1596872044258	geckodriver	INFO	Listening on 127.0.0.1:49381
1596872045197	mozrunner::runner	INFO	Running command: "/Applications/Firefox.app/Contents/MacOS/firefox-bin" "--marionette" "-foreground" "-no-remote" "-profile" "/var/folders/_l/fd1_wwjn31v5y7yl5db0y3qr0000gp/T/rust_mozprofilecszleM"
console.error: SearchCache: "_readCacheFile: Error reading cache file:" (new Error("", "(unknown module)"))
1596872048849	Marionette	INFO	Listening on port 49392
1596872048913	Marionette	WARN	TLS certificate errors will be ignored for this session
JavaScript error: resource://gre/actors/AutoCompleteChild.jsm, line 208: Error: Invalid autocomplete selectedIndex
1596872051262	Marionette	INFO	Stopped listening on port 49392
1596872262626	geckodriver	INFO	Listening on 127.0.0.1:49463
1596872263638	mozrunner::runner	INFO	Running command: "/Applications/Firefox.app/Contents/MacOS/firefox-bin" "--marionette" "-foreground" "-no-remote" "-profile" "/var/folders/_l/fd1_wwjn31v5y7yl5db0y3qr0000gp/T/rust_mozprofileAJQa0x"
console.error: SearchCache: "_readCacheFile: Error reading cache file:" (new Error("", "(unknown module)"))
1596872265668	Marionette	INFO	Listening on port 49474
1596872265684	Marionette	WARN	TLS certificate errors will be ignored for this session
JavaScript error: resource://gre/actors/AutoCompleteChild.jsm, line 208: Error: Invalid autocomplete selectedIndex
1596872268067	Marionette	INFO	Stopped listening on port 49474
1596872497616	geckodriver	INFO	Listening on 127.0.0.1:49602
1596872498626	mozrunner::runner	INFO	Running command: "/Applications/Firefox.app/Contents/MacOS/firefox-bin" "--marionette" "-foreground" "-no-remote" "-profile" "/var/folders/_l/fd1_wwjn31v5y7yl5db0y3qr0000gp/T/rust_mozprofile1OmCrz"
console.error: SearchCache: "_readCacheFile: Error reading cache file:" (new Error("", "(unknown module)"))
1596872500581	Marionette	INFO	Listening on port 49609
1596872500679	Marionette	WARN	TLS certificate errors will be ignored for this session
JavaScript error: resource://gre/actors/AutoCompleteChild.jsm, line 208: Error: Invalid autocomplete selectedIndex
1596872503003	Marionette	INFO	Stopped listening on port 49609
1596872508197	geckodriver	INFO	Listening on 127.0.0.1:49657
1596872509207	mozrunner::runner	INFO	Running command: "/Applications/Firefox.app/Contents/MacOS/firefox-bin" "--marionette" "-foreground" "-no-remote" "-profile" "/var/folders/_l/fd1_wwjn31v5y7yl5db0y3qr0000gp/T/rust_mozprofilepj77YI"
console.error: SearchCache: "_readCacheFile: Error reading cache file:" (new Error("", "(unknown module)"))
1596872511089	Marionette	INFO	Listening on port 49664
1596872511168	Marionette	WARN	TLS certificate errors will be ignored for this session
JavaScript error: resource://gre/actors/AutoCompleteChild.jsm, line 208: Error: Invalid autocomplete selectedIndex
1596872513520	Marionette	INFO	Stopped listening on port 49664
1596872578609	geckodriver	INFO	Listening on 127.0.0.1:49711
1596872579619	mozrunner::runner	INFO	Running command: "/Applications/Firefox.app/Contents/MacOS/firefox-bin" "--marionette" "-foreground" "-no-remote" "-profile" "/var/folders/_l/fd1_wwjn31v5y7yl5db0y3qr0000gp/T/rust_mozprofile1Z8GO8"
console.error: SearchCache: "_readCacheFile: Error reading cache file:" (new Error("", "(unknown module)"))
1596872581724	Marionette	INFO	Listening on port 49718
1596872581794	Marionette	WARN	TLS certificate errors will be ignored for this session
JavaScript error: resource://gre/actors/AutoCompleteChild.jsm, line 208: Error: Invalid autocomplete selectedIndex
1596872584121	Marionette	INFO	Stopped listening on port 49718
1596872998880	geckodriver	INFO	Listening on 127.0.0.1:49765
1596872999894	mozrunner::runner	INFO	Running command: "/Applications/Firefox.app/Contents/MacOS/firefox-bin" "--marionette" "-foreground" "-no-remote" "-profile" "/var/folders/_l/fd1_wwjn31v5y7yl5db0y3qr0000gp/T/rust_mozprofileSYJ3hG"
console.error: SearchCache: "_readCacheFile: Error reading cache file:" (new Error("", "(unknown module)"))
1596873001858	Marionette	INFO	Listening on port 49772
1596873001955	Marionette	WARN	TLS certificate errors will be ignored for this session
JavaScript error: resource://gre/actors/AutoCompleteChild.jsm, line 208: Error: Invalid autocomplete selectedIndex
1596873002227	Marionette	INFO	Stopped listening on port 49772
console.warn: services.settings: main/whats-new-panel sync interrupted by shutdown
1596873070644	geckodriver	INFO	Listening on 127.0.0.1:49819
1596873071654	mozrunner::runner	INFO	Running command: "/Applications/Firefox.app/Contents/MacOS/firefox-bin" "--marionette" "-foreground" "-no-remote" "-profile" "/var/folders/_l/fd1_wwjn31v5y7yl5db0y3qr0000gp/T/rust_mozprofileU6wDSf"
console.error: SearchCache: "_readCacheFile: Error reading cache file:" (new Error("", "(unknown module)"))
1596873073599	Marionette	INFO	Listening on port 49826
1596873073605	Marionette	WARN	TLS certificate errors will be ignored for this session
JavaScript error: resource://gre/actors/AutoCompleteChild.jsm, line 208: Error: Invalid autocomplete selectedIndex
1596873073836	Marionette	INFO	Stopped listening on port 49826
1596874209325	geckodriver	INFO	Listening on 127.0.0.1:49883
1596874210338	mozrunner::runner	INFO	Running command: "/Applications/Firefox.app/Contents/MacOS/firefox-bin" "--marionette" "-foreground" "-no-remote" "-profile" "/var/folders/_l/fd1_wwjn31v5y7yl5db0y3qr0000gp/T/rust_mozprofileehLIDQ"
console.error: SearchCache: "_readCacheFile: Error reading cache file:" (new Error("", "(unknown module)"))
1596874212273	Marionette	INFO	Listening on port 49890
1596874212301	Marionette	WARN	TLS certificate errors will be ignored for this session
JavaScript error: resource://gre/actors/AutoCompleteChild.jsm, line 208: Error: Invalid autocomplete selectedIndex
1596874212569	Marionette	INFO	Stopped listening on port 49890
1596874213911	geckodriver	INFO	Listening on 127.0.0.1:49932
1596874214920	mozrunner::runner	INFO	Running command: "/Applications/Firefox.app/Contents/MacOS/firefox-bin" "--marionette" "-foreground" "-no-remote" "-profile" "/var/folders/_l/fd1_wwjn31v5y7yl5db0y3qr0000gp/T/rust_mozprofileJj49Wy"
console.error: SearchCache: "_readCacheFile: Error reading cache file:" (new Error("", "(unknown module)"))
1596874216915	Marionette	INFO	Listening on port 49939
1596874216976	Marionette	WARN	TLS certificate errors will be ignored for this session
JavaScript error: resource://gre/actors/AutoCompleteChild.jsm, line 208: Error: Invalid autocomplete selectedIndex
1596874217229	Marionette	INFO	Stopped listening on port 49939
1596874253310	geckodriver	INFO	Listening on 127.0.0.1:49992
1596874254319	mozrunner::runner	INFO	Running command: "/Applications/Firefox.app/Contents/MacOS/firefox-bin" "--marionette" "-foreground" "-no-remote" "-profile" "/var/folders/_l/fd1_wwjn31v5y7yl5db0y3qr0000gp/T/rust_mozprofile3aAtfF"
console.error: SearchCache: "_readCacheFile: Error reading cache file:" (new Error("", "(unknown module)"))
1596874256284	Marionette	INFO	Listening on port 49999
1596874256365	Marionette	WARN	TLS certificate errors will be ignored for this session
JavaScript error: resource://gre/actors/AutoCompleteChild.jsm, line 208: Error: Invalid autocomplete selectedIndex
1596874257751	Marionette	INFO	Stopped listening on port 49999
1596874259069	geckodriver	INFO	Listening on 127.0.0.1:50044
1596874260080	mozrunner::runner	INFO	Running command: "/Applications/Firefox.app/Contents/MacOS/firefox-bin" "--marionette" "-foreground" "-no-remote" "-profile" "/var/folders/_l/fd1_wwjn31v5y7yl5db0y3qr0000gp/T/rust_mozprofileTGZuU2"
console.error: SearchCache: "_readCacheFile: Error reading cache file:" (new Error("", "(unknown module)"))
1596874262156	Marionette	INFO	Listening on port 50051
1596874262243	Marionette	WARN	TLS certificate errors will be ignored for this session
JavaScript error: resource://gre/actors/AutoCompleteChild.jsm, line 208: Error: Invalid autocomplete selectedIndex
1596874263000	Marionette	INFO	Stopped listening on port 50051
1596874766546	geckodriver	INFO	Listening on 127.0.0.1:50098
1596874767558	mozrunner::runner	INFO	Running command: "/Applications/Firefox.app/Contents/MacOS/firefox-bin" "--marionette" "-foreground" "-no-remote" "-profile" "/var/folders/_l/fd1_wwjn31v5y7yl5db0y3qr0000gp/T/rust_mozprofilej2dVXv"
console.error: SearchCache: "_readCacheFile: Error reading cache file:" (new Error("", "(unknown module)"))
1596874769541	Marionette	INFO	Listening on port 50105
1596874769613	Marionette	WARN	TLS certificate errors will be ignored for this session
JavaScript error: resource://gre/actors/AutoCompleteChild.jsm, line 208: Error: Invalid autocomplete selectedIndex
1596874770459	Marionette	INFO	Stopped listening on port 50105
1596874771802	geckodriver	INFO	Listening on 127.0.0.1:50149
1596874772812	mozrunner::runner	INFO	Running command: "/Applications/Firefox.app/Contents/MacOS/firefox-bin" "--marionette" "-foreground" "-no-remote" "-profile" "/var/folders/_l/fd1_wwjn31v5y7yl5db0y3qr0000gp/T/rust_mozprofilelOeQ1Z"
console.error: SearchCache: "_readCacheFile: Error reading cache file:" (new Error("", "(unknown module)"))
1596874774780	Marionette	INFO	Listening on port 50156
1596874774880	Marionette	WARN	TLS certificate errors will be ignored for this session
JavaScript error: resource://gre/actors/AutoCompleteChild.jsm, line 208: Error: Invalid autocomplete selectedIndex
1596874775656	Marionette	INFO	Stopped listening on port 50156
1596874776955	geckodriver	INFO	Listening on 127.0.0.1:50199
1596874777967	mozrunner::runner	INFO	Running command: "/Applications/Firefox.app/Contents/MacOS/firefox-bin" "--marionette" "-foreground" "-no-remote" "-profile" "/var/folders/_l/fd1_wwjn31v5y7yl5db0y3qr0000gp/T/rust_mozprofilefamGof"
console.error: SearchCache: "_readCacheFile: Error reading cache file:" (new Error("", "(unknown module)"))
1596874779876	Marionette	INFO	Listening on port 50206
1596874779921	Marionette	WARN	TLS certificate errors will be ignored for this session
1596874780140	Marionette	INFO	Stopped listening on port 50206
1596874874864	geckodriver	INFO	Listening on 127.0.0.1:50251
1596874875876	mozrunner::runner	INFO	Running command: "/Applications/Firefox.app/Contents/MacOS/firefox-bin" "--marionette" "-foreground" "-no-remote" "-profile" "/var/folders/_l/fd1_wwjn31v5y7yl5db0y3qr0000gp/T/rust_mozprofileVZS4wc"
console.error: SearchCache: "_readCacheFile: Error reading cache file:" (new Error("", "(unknown module)"))
1596874877880	Marionette	INFO	Listening on port 50258
1596874877940	Marionette	WARN	TLS certificate errors will be ignored for this session
JavaScript error: resource://gre/actors/AutoCompleteChild.jsm, line 208: Error: Invalid autocomplete selectedIndex
1596874879325	Marionette	INFO	Stopped listening on port 50258
1596874880645	geckodriver	INFO	Listening on 127.0.0.1:50302
1596874881654	mozrunner::runner	INFO	Running command: "/Applications/Firefox.app/Contents/MacOS/firefox-bin" "--marionette" "-foreground" "-no-remote" "-profile" "/var/folders/_l/fd1_wwjn31v5y7yl5db0y3qr0000gp/T/rust_mozprofilemoBUvA"
console.error: SearchCache: "_readCacheFile: Error reading cache file:" (new Error("", "(unknown module)"))
1596874883604	Marionette	INFO	Listening on port 50309
1596874883622	Marionette	WARN	TLS certificate errors will be ignored for this session
JavaScript error: resource://gre/actors/AutoCompleteChild.jsm, line 208: Error: Invalid autocomplete selectedIndex
1596874884408	Marionette	INFO	Stopped listening on port 50309
1596874885724	geckodriver	INFO	Listening on 127.0.0.1:50351
1596874886738	mozrunner::runner	INFO	Running command: "/Applications/Firefox.app/Contents/MacOS/firefox-bin" "--marionette" "-foreground" "-no-remote" "-profile" "/var/folders/_l/fd1_wwjn31v5y7yl5db0y3qr0000gp/T/rust_mozprofilemsSUMF"
console.error: SearchCache: "_readCacheFile: Error reading cache file:" (new Error("", "(unknown module)"))
1596874888811	Marionette	INFO	Listening on port 50358
1596874888895	Marionette	WARN	TLS certificate errors will be ignored for this session
1596874889097	Marionette	INFO	Stopped listening on port 50358
1596875368245	geckodriver	INFO	Listening on 127.0.0.1:50456
1596875369254	mozrunner::runner	INFO	Running command: "/Applications/Firefox.app/Contents/MacOS/firefox-bin" "--marionette" "-foreground" "-no-remote" "-profile" "/var/folders/_l/fd1_wwjn31v5y7yl5db0y3qr0000gp/T/rust_mozprofileh7BzkS"
console.error: SearchCache: "_readCacheFile: Error reading cache file:" (new Error("", "(unknown module)"))
1596875371313	Marionette	INFO	Listening on port 50463
1596875371406	Marionette	WARN	TLS certificate errors will be ignored for this session
JavaScript error: resource://gre/actors/AutoCompleteChild.jsm, line 208: Error: Invalid autocomplete selectedIndex
1596875372785	Marionette	INFO	Stopped listening on port 50463
1596875374101	geckodriver	INFO	Listening on 127.0.0.1:50512
1596875375111	mozrunner::runner	INFO	Running command: "/Applications/Firefox.app/Contents/MacOS/firefox-bin" "--marionette" "-foreground" "-no-remote" "-profile" "/var/folders/_l/fd1_wwjn31v5y7yl5db0y3qr0000gp/T/rust_mozprofileQbornK"
console.error: SearchCache: "_readCacheFile: Error reading cache file:" (new Error("", "(unknown module)"))
1596875377078	Marionette	INFO	Listening on port 50519
1596875377152	Marionette	WARN	TLS certificate errors will be ignored for this session
JavaScript error: resource://gre/actors/AutoCompleteChild.jsm, line 208: Error: Invalid autocomplete selectedIndex
1596875377928	Marionette	INFO	Stopped listening on port 50519
1596875379229	geckodriver	INFO	Listening on 127.0.0.1:50564
1596875380240	mozrunner::runner	INFO	Running command: "/Applications/Firefox.app/Contents/MacOS/firefox-bin" "--marionette" "-foreground" "-no-remote" "-profile" "/var/folders/_l/fd1_wwjn31v5y7yl5db0y3qr0000gp/T/rust_mozprofileu121jF"
console.error: SearchCache: "_readCacheFile: Error reading cache file:" (new Error("", "(unknown module)"))
1596875382211	Marionette	INFO	Listening on port 50571
1596875382280	Marionette	WARN	TLS certificate errors will be ignored for this session
JavaScript error: resource://gre/actors/AutoCompleteChild.jsm, line 208: Error: Invalid autocomplete selectedIndex
1596875392897	Marionette	INFO	Stopped listening on port 50571
1596876374829	geckodriver	INFO	Listening on 127.0.0.1:50651
1596876375845	mozrunner::runner	INFO	Running command: "/Applications/Firefox.app/Contents/MacOS/firefox-bin" "--marionette" "-foreground" "-no-remote" "-profile" "/var/folders/_l/fd1_wwjn31v5y7yl5db0y3qr0000gp/T/rust_mozprofileV2T0u0"
console.error: SearchCache: "_readCacheFile: Error reading cache file:" (new Error("", "(unknown module)"))
1596876377817	Marionette	INFO	Listening on port 50658
1596876377899	Marionette	WARN	TLS certificate errors will be ignored for this session
JavaScript error: resource://gre/actors/AutoCompleteChild.jsm, line 208: Error: Invalid autocomplete selectedIndex
1596876388278	Marionette	INFO	Stopped listening on port 50658
1596876389493	geckodriver	INFO	Listening on 127.0.0.1:50704
1596876390501	mozrunner::runner	INFO	Running command: "/Applications/Firefox.app/Contents/MacOS/firefox-bin" "--marionette" "-foreground" "-no-remote" "-profile" "/var/folders/_l/fd1_wwjn31v5y7yl5db0y3qr0000gp/T/rust_mozprofileODHDlm"
console.error: SearchCache: "_readCacheFile: Error reading cache file:" (new Error("", "(unknown module)"))
1596876392452	Marionette	INFO	Listening on port 50711
1596876392542	Marionette	WARN	TLS certificate errors will be ignored for this session
JavaScript error: resource://gre/actors/AutoCompleteChild.jsm, line 208: Error: Invalid autocomplete selectedIndex
1596876402913	Marionette	INFO	Stopped listening on port 50711
1596876412821	geckodriver	INFO	Listening on 127.0.0.1:50757
1596876413830	mozrunner::runner	INFO	Running command: "/Applications/Firefox.app/Contents/MacOS/firefox-bin" "--marionette" "-foreground" "-no-remote" "-profile" "/var/folders/_l/fd1_wwjn31v5y7yl5db0y3qr0000gp/T/rust_mozprofile8WkaCB"
console.error: SearchCache: "_readCacheFile: Error reading cache file:" (new Error("", "(unknown module)"))
1596876415823	Marionette	INFO	Listening on port 50764
1596876415879	Marionette	WARN	TLS certificate errors will be ignored for this session
JavaScript error: resource://gre/actors/AutoCompleteChild.jsm, line 208: Error: Invalid autocomplete selectedIndex
1596876426296	Marionette	INFO	Stopped listening on port 50764
1596876427510	geckodriver	INFO	Listening on 127.0.0.1:50809
1596876428518	mozrunner::runner	INFO	Running command: "/Applications/Firefox.app/Contents/MacOS/firefox-bin" "--marionette" "-foreground" "-no-remote" "-profile" "/var/folders/_l/fd1_wwjn31v5y7yl5db0y3qr0000gp/T/rust_mozprofileNboNmT"
console.error: SearchCache: "_readCacheFile: Error reading cache file:" (new Error("", "(unknown module)"))
1596876430599	Marionette	INFO	Listening on port 50816
1596876430673	Marionette	WARN	TLS certificate errors will be ignored for this session
JavaScript error: resource://gre/actors/AutoCompleteChild.jsm, line 208: Error: Invalid autocomplete selectedIndex
1596876441089	Marionette	INFO	Stopped listening on port 50816
1596876527019	geckodriver	INFO	Listening on 127.0.0.1:50862
1596876528027	mozrunner::runner	INFO	Running command: "/Applications/Firefox.app/Contents/MacOS/firefox-bin" "--marionette" "-foreground" "-no-remote" "-profile" "/var/folders/_l/fd1_wwjn31v5y7yl5db0y3qr0000gp/T/rust_mozprofileB7mbPN"
console.error: SearchCache: "_readCacheFile: Error reading cache file:" (new Error("", "(unknown module)"))
1596876529917	Marionette	INFO	Listening on port 50869
1596876529971	Marionette	WARN	TLS certificate errors will be ignored for this session
JavaScript error: resource://gre/actors/AutoCompleteChild.jsm, line 208: Error: Invalid autocomplete selectedIndex
1596876540471	Marionette	INFO	Stopped listening on port 50869
1596876541706	geckodriver	INFO	Listening on 127.0.0.1:50912
1596876542713	mozrunner::runner	INFO	Running command: "/Applications/Firefox.app/Contents/MacOS/firefox-bin" "--marionette" "-foreground" "-no-remote" "-profile" "/var/folders/_l/fd1_wwjn31v5y7yl5db0y3qr0000gp/T/rust_mozprofileodv8o8"
console.error: SearchCache: "_readCacheFile: Error reading cache file:" (new Error("", "(unknown module)"))
1596876544707	Marionette	INFO	Listening on port 50919
1596876544741	Marionette	WARN	TLS certificate errors will be ignored for this session
JavaScript error: resource://gre/actors/AutoCompleteChild.jsm, line 208: Error: Invalid autocomplete selectedIndex
1596876555204	Marionette	INFO	Stopped listening on port 50919
1596876684650	geckodriver	INFO	Listening on 127.0.0.1:50965
1596876685662	mozrunner::runner	INFO	Running command: "/Applications/Firefox.app/Contents/MacOS/firefox-bin" "--marionette" "-foreground" "-no-remote" "-profile" "/var/folders/_l/fd1_wwjn31v5y7yl5db0y3qr0000gp/T/rust_mozprofileR8YTsb"
console.error: SearchCache: "_readCacheFile: Error reading cache file:" (new Error("", "(unknown module)"))
1596876687548	Marionette	INFO	Listening on port 50972
1596876687609	Marionette	WARN	TLS certificate errors will be ignored for this session
JavaScript error: resource://gre/actors/AutoCompleteChild.jsm, line 208: Error: Invalid autocomplete selectedIndex
1596876688980	Marionette	INFO	Stopped listening on port 50972
1596876690313	geckodriver	INFO	Listening on 127.0.0.1:51012
1596876691323	mozrunner::runner	INFO	Running command: "/Applications/Firefox.app/Contents/MacOS/firefox-bin" "--marionette" "-foreground" "-no-remote" "-profile" "/var/folders/_l/fd1_wwjn31v5y7yl5db0y3qr0000gp/T/rust_mozprofilepOR7Vx"
console.error: SearchCache: "_readCacheFile: Error reading cache file:" (new Error("", "(unknown module)"))
1596876693248	Marionette	INFO	Listening on port 51019
1596876693257	Marionette	WARN	TLS certificate errors will be ignored for this session
JavaScript error: resource://gre/actors/AutoCompleteChild.jsm, line 208: Error: Invalid autocomplete selectedIndex
1596876694037	Marionette	INFO	Stopped listening on port 51019
1596876695336	geckodriver	INFO	Listening on 127.0.0.1:51061
1596876696346	mozrunner::runner	INFO	Running command: "/Applications/Firefox.app/Contents/MacOS/firefox-bin" "--marionette" "-foreground" "-no-remote" "-profile" "/var/folders/_l/fd1_wwjn31v5y7yl5db0y3qr0000gp/T/rust_mozprofileEjmDtM"
console.error: SearchCache: "_readCacheFile: Error reading cache file:" (new Error("", "(unknown module)"))
1596876698314	Marionette	INFO	Listening on port 51068
1596876698394	Marionette	WARN	TLS certificate errors will be ignored for this session
JavaScript error: resource://gre/actors/AutoCompleteChild.jsm, line 208: Error: Invalid autocomplete selectedIndex
1596876709051	Marionette	INFO	Stopped listening on port 51068
1596884602957	geckodriver	INFO	Listening on 127.0.0.1:49288
1596884603975	mozrunner::runner	INFO	Running command: "/Applications/Firefox.app/Contents/MacOS/firefox-bin" "--marionette" "-foreground" "-no-remote" "-profile" "/var/folders/_l/fd1_wwjn31v5y7yl5db0y3qr0000gp/T/rust_mozprofilexhGzFv"
console.error: SearchCache: "_readCacheFile: Error reading cache file:" (new Error("", "(unknown module)"))
1596884606581	Marionette	INFO	Listening on port 49299
1596884606615	Marionette	WARN	TLS certificate errors will be ignored for this session
JavaScript error: resource://gre/actors/AutoCompleteChild.jsm, line 208: Error: Invalid autocomplete selectedIndex
1596884607508	Marionette	INFO	Stopped listening on port 49299
1596884608836	geckodriver	INFO	Listening on 127.0.0.1:49351
1596884609846	mozrunner::runner	INFO	Running command: "/Applications/Firefox.app/Contents/MacOS/firefox-bin" "--marionette" "-foreground" "-no-remote" "-profile" "/var/folders/_l/fd1_wwjn31v5y7yl5db0y3qr0000gp/T/rust_mozprofilelbPsX1"
console.error: SearchCache: "_readCacheFile: Error reading cache file:" (new Error("", "(unknown module)"))
1596884611786	Marionette	INFO	Listening on port 49362
1596884611885	Marionette	WARN	TLS certificate errors will be ignored for this session
JavaScript error: resource://gre/actors/AutoCompleteChild.jsm, line 208: Error: Invalid autocomplete selectedIndex
1596884612676	Marionette	INFO	Stopped listening on port 49362
1596884613983	geckodriver	INFO	Listening on 127.0.0.1:49404
1596884614990	mozrunner::runner	INFO	Running command: "/Applications/Firefox.app/Contents/MacOS/firefox-bin" "--marionette" "-foreground" "-no-remote" "-profile" "/var/folders/_l/fd1_wwjn31v5y7yl5db0y3qr0000gp/T/rust_mozprofiledwyUUl"
console.error: SearchCache: "_readCacheFile: Error reading cache file:" (new Error("", "(unknown module)"))
1596884616848	Marionette	INFO	Listening on port 49415
1596884616933	Marionette	WARN	TLS certificate errors will be ignored for this session
JavaScript error: resource://gre/actors/AutoCompleteChild.jsm, line 208: Error: Invalid autocomplete selectedIndex
1596884627543	Marionette	INFO	Stopped listening on port 49415
